<?xml version="1.0" encoding="UTF-8"?>
<testng-results ignored="0" total="1" passed="1" failed="0" skipped="0">
  <reporter-output>
  </reporter-output>
  <suite started-at="2022-11-03T19:51:35 GMT" name="Default suite" finished-at="2022-11-03T19:52:08 GMT" duration-ms="33413">
    <groups>
    </groups>
    <test started-at="2022-11-03T19:51:35 GMT" name="Default test" finished-at="2022-11-03T19:52:08 GMT" duration-ms="33413">
      <class name="mystore.testscripts.completeScenario">
        <test-method is-config="true" signature="loadConfig()[pri:0, instance:mystore.testscripts.completeScenario@4562e04d]" started-at="2022-11-03T19:51:35 GMT" name="loadConfig" finished-at="2022-11-03T19:51:35 GMT" duration-ms="14" status="PASS">
          <reporter-output>
          </reporter-output>
        </test-method> <!-- loadConfig -->
        <test-method is-config="true" signature="setup()[pri:0, instance:mystore.testscripts.completeScenario@4562e04d]" started-at="2022-11-03T19:51:35 GMT" name="setup" finished-at="2022-11-03T19:51:41 GMT" duration-ms="6050" status="PASS">
          <reporter-output>
          </reporter-output>
        </test-method> <!-- setup -->
        <test-method signature="addDress()[pri:0, instance:mystore.testscripts.completeScenario@4562e04d]" started-at="2022-11-03T19:51:41 GMT" name="addDress" finished-at="2022-11-03T19:52:08 GMT" duration-ms="27303" status="PASS">
          <reporter-output>
          </reporter-output>
        </test-method> <!-- addDress -->
      </class> <!-- mystore.testscripts.completeScenario -->
    </test> <!-- Default test -->
  </suite> <!-- Default suite -->
</testng-results>
